  Fluid.cpp
c:\users\ronan tunney\source\repos\object oriented fluid simulator\object oriented fluid simulator\fluid.cpp(86): warning C4244: 'argument': conversion from 'float' to 'sf::Uint8', possible loss of data
c:\users\ronan tunney\source\repos\object oriented fluid simulator\object oriented fluid simulator\fluid.cpp(188): warning C4244: '=': conversion from 'double' to 'float', possible loss of data
c:\users\ronan tunney\source\repos\object oriented fluid simulator\object oriented fluid simulator\fluid.cpp(190): warning C4244: '=': conversion from 'double' to 'float', possible loss of data
c:\users\ronan tunney\source\repos\object oriented fluid simulator\object oriented fluid simulator\fluid.cpp(238): warning C4244: '=': conversion from 'double' to 'float', possible loss of data
c:\users\ronan tunney\source\repos\object oriented fluid simulator\object oriented fluid simulator\fluid.cpp(240): warning C4244: '=': conversion from 'double' to 'float', possible loss of data
c:\users\ronan tunney\source\repos\object oriented fluid simulator\object oriented fluid simulator\fluid.cpp(250): warning C4244: 'initializing': conversion from 'double' to 'float', possible loss of data
c:\users\ronan tunney\source\repos\object oriented fluid simulator\object oriented fluid simulator\fluid.cpp(255): warning C4244: '=': conversion from 'double' to 'float', possible loss of data
c:\users\ronan tunney\source\repos\object oriented fluid simulator\object oriented fluid simulator\fluid.cpp(273): warning C4244: '-=': conversion from 'double' to 'float', possible loss of data
c:\users\ronan tunney\source\repos\object oriented fluid simulator\object oriented fluid simulator\fluid.cpp(274): warning C4244: '-=': conversion from 'double' to 'float', possible loss of data
c:\users\ronan tunney\source\repos\object oriented fluid simulator\object oriented fluid simulator\fluid.cpp(295): warning C4244: '=': conversion from 'double' to 'float', possible loss of data
c:\users\ronan tunney\source\repos\object oriented fluid simulator\object oriented fluid simulator\fluid.cpp(341): warning C4244: '=': conversion from 'double' to 'float', possible loss of data
c:\users\ronan tunney\source\repos\object oriented fluid simulator\object oriented fluid simulator\fluid.cpp(364): warning C4244: '=': conversion from 'double' to 'float', possible loss of data
c:\users\ronan tunney\source\repos\object oriented fluid simulator\object oriented fluid simulator\fluid.cpp(365): warning C4244: '=': conversion from 'double' to 'float', possible loss of data
c:\users\ronan tunney\source\repos\object oriented fluid simulator\object oriented fluid simulator\fluid.cpp(366): warning C4244: '=': conversion from 'double' to 'float', possible loss of data
c:\users\ronan tunney\source\repos\object oriented fluid simulator\object oriented fluid simulator\fluid.cpp(367): warning C4244: '=': conversion from 'double' to 'float', possible loss of data
  Object Oriented Fluid Simulator.cpp
c:\users\ronan tunney\source\repos\object oriented fluid simulator\object oriented fluid simulator\object oriented fluid simulator.cpp(15): warning C4305: 'initializing': truncation from 'double' to 'float'
c:\users\ronan tunney\source\repos\object oriented fluid simulator\object oriented fluid simulator\object oriented fluid simulator.cpp(16): warning C4305: 'initializing': truncation from 'double' to 'float'
c:\users\ronan tunney\source\repos\object oriented fluid simulator\object oriented fluid simulator\object oriented fluid simulator.cpp(20): warning C4244: 'initializing': conversion from 'double' to 'float', possible loss of data
  Generating code
  8 of 22 functions (36.4%) were compiled, the rest were copied from previous compilation.
    0 functions were new in current compilation
    0 functions had inline decision re-evaluated but remain unchanged
  Finished generating code
  Object Oriented Fluid Simulator.vcxproj -> C:\Users\Ronan Tunney\source\repos\Object Oriented Fluid Simulator\Release\Object Oriented Fluid Simulator.exe
