c:\users\ronan tunney\source\repos\object oriented fluid simulator\object oriented fluid simulator\debug\object oriented fluid simulator.pch
c:\users\ronan tunney\source\repos\object oriented fluid simulator\object oriented fluid simulator\debug\vc141.pdb
c:\users\ronan tunney\source\repos\object oriented fluid simulator\object oriented fluid simulator\debug\vc141.idb
c:\users\ronan tunney\source\repos\object oriented fluid simulator\object oriented fluid simulator\debug\stdafx.obj
c:\users\ronan tunney\source\repos\object oriented fluid simulator\object oriented fluid simulator\debug\object oriented fluid simulator.obj
c:\users\ronan tunney\source\repos\object oriented fluid simulator\object oriented fluid simulator\debug\fluid.obj
c:\users\ronan tunney\source\repos\object oriented fluid simulator\object oriented fluid simulator\debug\field.obj
c:\users\ronan tunney\source\repos\object oriented fluid simulator\debug\object oriented fluid simulator.pdb
c:\users\ronan tunney\source\repos\object oriented fluid simulator\object oriented fluid simulator\debug\object o.457c82aa.tlog\cl.command.1.tlog
c:\users\ronan tunney\source\repos\object oriented fluid simulator\object oriented fluid simulator\debug\object o.457c82aa.tlog\cl.read.1.tlog
c:\users\ronan tunney\source\repos\object oriented fluid simulator\object oriented fluid simulator\debug\object o.457c82aa.tlog\cl.write.1.tlog
c:\users\ronan tunney\source\repos\object oriented fluid simulator\object oriented fluid simulator\debug\object o.457c82aa.tlog\link.10912-cvtres.read.1.tlog
c:\users\ronan tunney\source\repos\object oriented fluid simulator\object oriented fluid simulator\debug\object o.457c82aa.tlog\link.10912-cvtres.write.1.tlog
c:\users\ronan tunney\source\repos\object oriented fluid simulator\object oriented fluid simulator\debug\object o.457c82aa.tlog\link.10912-rc.read.1.tlog
c:\users\ronan tunney\source\repos\object oriented fluid simulator\object oriented fluid simulator\debug\object o.457c82aa.tlog\link.10912-rc.write.1.tlog
c:\users\ronan tunney\source\repos\object oriented fluid simulator\object oriented fluid simulator\debug\object o.457c82aa.tlog\link.10912.read.1.tlog
c:\users\ronan tunney\source\repos\object oriented fluid simulator\object oriented fluid simulator\debug\object o.457c82aa.tlog\link.10912.write.1.tlog
c:\users\ronan tunney\source\repos\object oriented fluid simulator\object oriented fluid simulator\debug\object o.457c82aa.tlog\link.command.1.tlog
c:\users\ronan tunney\source\repos\object oriented fluid simulator\object oriented fluid simulator\debug\object o.457c82aa.tlog\link.read.1.tlog
c:\users\ronan tunney\source\repos\object oriented fluid simulator\object oriented fluid simulator\debug\object o.457c82aa.tlog\link.write.1.tlog
